\BOOKMARK [1][-]{section.1}{Theoretical Background}{}
\BOOKMARK [2][-]{subsection.1.1}{Deterministic Reaction Models}{section.1}
\BOOKMARK [2][-]{subsection.1.2}{Stochastic Interpretation}{section.1}
\BOOKMARK [2][-]{subsection.1.3}{Meso and Macro Scales}{section.1}
\BOOKMARK [2][-]{subsection.1.4}{SSA Algorithm}{section.1}
\BOOKMARK [2][-]{subsection.1.5}{Random Initial Conditions and Correlations}{section.1}
\BOOKMARK [1][-]{section.2}{Implementation and tools in MATLAB}{}
\BOOKMARK [2][-]{subsection.2.1}{Top Level Execution}{section.2}
\BOOKMARK [2][-]{subsection.2.2}{Reaction Model in .rxnm Format}{section.2}
\BOOKMARK [2][-]{subsection.2.3}{Output Folder and DOT Graphs}{section.2}
\BOOKMARK [2][-]{subsection.2.4}{Deterministic Simulation}{section.2}
\BOOKMARK [2][-]{subsection.2.5}{Stochastic and Deterministic Compatibility}{section.2}
\BOOKMARK [2][-]{subsection.2.6}{Stochastic Simulations}{section.2}
\BOOKMARK [3][-]{subsubsection.2.6.1}{Averaging by time intervals}{subsection.2.6}
\BOOKMARK [3][-]{subsubsection.2.6.2}{Estimating States Distributions}{subsection.2.6}
\BOOKMARK [2][-]{subsection.2.7}{Modifying values from the job file}{section.2}
\BOOKMARK [2][-]{subsection.2.8}{Scatter Plots}{section.2}
\BOOKMARK [2][-]{subsection.2.9}{Random initial States and Correlations}{section.2}
\BOOKMARK [2][-]{subsection.2.10}{Output Scans}{section.2}
\BOOKMARK [1][-]{section.3}{Future Improvements}{}
